<?xml version="1.0" encoding="UTF-8"?>
<!-- Generated by org.testng.reporters.JUnitReportReporter -->
<testsuite hostname="DESKTOP-JC970GR" failures="0" tests="1" name="testNG_Project.ValiadateMonthDropdown" time="4.679" errors="0" timestamp="2021-06-30T22:41:48 CDT" skipped="0">
  <testcase classname="testNG_Project.ValiadateMonthDropdown" name="ValidateMonthTest" time="4.679"/>
  <system-out/>
</testsuite> <!-- testNG_Project.ValiadateMonthDropdown -->
