<?xml version="1.0" encoding="UTF-8"?>
<!-- Generated by org.testng.reporters.JUnitReportReporter -->
<testsuite hostname="DESKTOP-JC970GR" failures="0" tests="1" name="testNG_Project.CreateCategoryFunctionality" time="7.254" errors="0" timestamp="2021-06-30T22:41:27 CDT" skipped="0">
  <testcase classname="testNG_Project.CreateCategoryFunctionality" name="CreateCategoryTest" time="7.254"/>
  <system-out/>
</testsuite> <!-- testNG_Project.CreateCategoryFunctionality -->
