<?xml version="1.0" encoding="UTF-8"?>
<!-- Generated by org.testng.reporters.JUnitReportReporter -->
<testsuite hostname="DESKTOP-JC970GR" failures="0" tests="1" name="testNG_Project.DuplicateCategoryFunctionality" time="7.249" errors="0" timestamp="2021-06-30T14:48:57 CDT" skipped="0">
  <testcase classname="testNG_Project.DuplicateCategoryFunctionality" name="DuplicateCategoryTest" time="7.249"/>
  <system-out/>
</testsuite> <!-- testNG_Project.DuplicateCategoryFunctionality -->
